app/build/intermediates/manifest_merge_blame_file/debug/manifest-merger-blame-debug-report.txt
1<?xml version="1.0" encoding="utf-8"?>
2<manifest xmlns:android="http://schemas.android.com/apk/res/android"
3    package="com.example.musicquiz"
4    android:versionCode="1"
5    android:versionName="1.0" >
6
7    <uses-sdk
8        android:minSdkVersion="20"
8-->src\main\AndroidManifest.xml
9        android:targetSdkVersion="30" />
9-->src\main\AndroidManifest.xml
10
11    <application
11-->src\main\AndroidManifest.xml:5:5-39:19
12        android:allowBackup="true"
12-->src\main\AndroidManifest.xml:6:9-35
13        android:appComponentFactory="androidx.core.app.CoreComponentFactory"
13-->[androidx.core:core:1.5.0] AndroidManifest.xml:24:18-86
14        android:debuggable="true"
15        android:icon="@mipmap/ic_musicquiz"
15-->src\main\AndroidManifest.xml:7:9-44
16        android:label="@string/app_name"
16-->src\main\AndroidManifest.xml:8:9-41
17        android:roundIcon="@mipmap/ic_musicquiz_round"
17-->src\main\AndroidManifest.xml:9:9-55
18        android:supportsRtl="true"
18-->src\main\AndroidManifest.xml:10:9-35
19        android:theme="@style/Theme.MusicQuiz" >
19-->src\main\AndroidManifest.xml:11:9-47
20        <activity
20-->src\main\AndroidManifest.xml:12:9-15:54
21            android:name="com.example.musicquiz.PopUpStatsActivity"
21-->src\main\AndroidManifest.xml:13:13-68
22            android:screenOrientation="landscape"
22-->src\main\AndroidManifest.xml:14:13-50
23            android:theme="@style/Theme.PopupTheme" />
23-->src\main\AndroidManifest.xml:15:13-52
24        <activity
24-->src\main\AndroidManifest.xml:16:9-19:54
25            android:name="com.example.musicquiz.PopUpActivity"
25-->src\main\AndroidManifest.xml:17:13-63
26            android:screenOrientation="landscape"
26-->src\main\AndroidManifest.xml:18:13-50
27            android:theme="@style/Theme.PopupTheme" />
27-->src\main\AndroidManifest.xml:19:13-52
28        <activity
28-->src\main\AndroidManifest.xml:20:9-22:53
29            android:name="com.example.musicquiz.ResultadoActivity"
29-->src\main\AndroidManifest.xml:21:13-67
30            android:screenOrientation="landscape" />
30-->src\main\AndroidManifest.xml:22:13-50
31        <activity
31-->src\main\AndroidManifest.xml:23:9-25:53
32            android:name="com.example.musicquiz.DificultadActivity"
32-->src\main\AndroidManifest.xml:24:13-68
33            android:screenOrientation="landscape" />
33-->src\main\AndroidManifest.xml:25:13-50
34        <activity
34-->src\main\AndroidManifest.xml:26:9-28:53
35            android:name="com.example.musicquiz.PreguntasActivity"
35-->src\main\AndroidManifest.xml:27:13-67
36            android:screenOrientation="landscape" />
36-->src\main\AndroidManifest.xml:28:13-50
37        <activity
37-->src\main\AndroidManifest.xml:29:9-37:20
38            android:name="com.example.musicquiz.MainActivity"
38-->src\main\AndroidManifest.xml:30:13-41
39            android:screenOrientation="landscape" >
39-->src\main\AndroidManifest.xml:31:13-50
40            <intent-filter>
40-->src\main\AndroidManifest.xml:32:13-36:29
41                <action android:name="android.intent.action.MAIN" />
41-->src\main\AndroidManifest.xml:33:17-69
41-->src\main\AndroidManifest.xml:33:25-66
42
43                <category android:name="android.intent.category.LAUNCHER" />
43-->src\main\AndroidManifest.xml:35:17-77
43-->src\main\AndroidManifest.xml:35:27-74
44            </intent-filter>
45        </activity>
46
47        <service android:name="com.example.musicquiz.BackgroundSoundService" />
47-->src\main\AndroidManifest.xml:38:9-58
47-->src\main\AndroidManifest.xml:38:18-56
48    </application>
49
50</manifest>